Determining if the pthread_create exist failed with the following output:
Change Dir: /home/clonecomputer/catkin_ws/src/wsg50/wsg_50_common/CMakeFiles/CMakeTmp

Run Build Command:/usr/bin/make "cmTryCompileExec54261896/fast"
/usr/bin/make -f CMakeFiles/cmTryCompileExec54261896.dir/build.make CMakeFiles/cmTryCompileExec54261896.dir/build
make[1]: Entering directory `/home/clonecomputer/catkin_ws/src/wsg50/wsg_50_common/CMakeFiles/CMakeTmp'
/usr/bin/cmake -E cmake_progress_report /home/clonecomputer/catkin_ws/src/wsg50/wsg_50_common/CMakeFiles/CMakeTmp/CMakeFiles 1
Building C object CMakeFiles/cmTryCompileExec54261896.dir/CheckSymbolExists.c.o
/usr/bin/cc    -o CMakeFiles/cmTryCompileExec54261896.dir/CheckSymbolExists.c.o   -c /home/clonecomputer/catkin_ws/src/wsg50/wsg_50_common/CMakeFiles/CMakeTmp/CheckSymbolExists.c
Linking C executable cmTryCompileExec54261896
/usr/bin/cmake -E cmake_link_script CMakeFiles/cmTryCompileExec54261896.dir/link.txt --verbose=1
/usr/bin/cc       CMakeFiles/cmTryCompileExec54261896.dir/CheckSymbolExists.c.o  -o cmTryCompileExec54261896 -rdynamic 
CMakeFiles/cmTryCompileExec54261896.dir/CheckSymbolExists.c.o: In function `main':
CheckSymbolExists.c:(.text+0x16): undefined reference to `pthread_create'
collect2: error: ld returned 1 exit status
make[1]: *** [cmTryCompileExec54261896] Error 1
make[1]: Leaving directory `/home/clonecomputer/catkin_ws/src/wsg50/wsg_50_common/CMakeFiles/CMakeTmp'
make: *** [cmTryCompileExec54261896/fast] Error 2

File /home/clonecomputer/catkin_ws/src/wsg50/wsg_50_common/CMakeFiles/CMakeTmp/CheckSymbolExists.c:
/* */
#include <pthread.h>

int main(int argc, char** argv)
{
  (void)argv;
#ifndef pthread_create
  return ((int*)(&pthread_create))[argc];
#else
  (void)argc;
  return 0;
#endif
}

Determining if the function pthread_create exists in the pthreads failed with the following output:
Change Dir: /home/clonecomputer/catkin_ws/src/wsg50/wsg_50_common/CMakeFiles/CMakeTmp

Run Build Command:/usr/bin/make "cmTryCompileExec2414737511/fast"
/usr/bin/make -f CMakeFiles/cmTryCompileExec2414737511.dir/build.make CMakeFiles/cmTryCompileExec2414737511.dir/build
make[1]: Entering directory `/home/clonecomputer/catkin_ws/src/wsg50/wsg_50_common/CMakeFiles/CMakeTmp'
/usr/bin/cmake -E cmake_progress_report /home/clonecomputer/catkin_ws/src/wsg50/wsg_50_common/CMakeFiles/CMakeTmp/CMakeFiles 1
Building C object CMakeFiles/cmTryCompileExec2414737511.dir/CheckFunctionExists.c.o
/usr/bin/cc   -DCHECK_FUNCTION_EXISTS=pthread_create   -o CMakeFiles/cmTryCompileExec2414737511.dir/CheckFunctionExists.c.o   -c /usr/share/cmake-2.8/Modules/CheckFunctionExists.c
Linking C executable cmTryCompileExec2414737511
/usr/bin/cmake -E cmake_link_script CMakeFiles/cmTryCompileExec2414737511.dir/link.txt --verbose=1
/usr/bin/cc   -DCHECK_FUNCTION_EXISTS=pthread_create    CMakeFiles/cmTryCompileExec2414737511.dir/CheckFunctionExists.c.o  -o cmTryCompileExec2414737511 -rdynamic -lpthreads 
/usr/bin/ld: cannot find -lpthreads
collect2: error: ld returned 1 exit status
make[1]: *** [cmTryCompileExec2414737511] Error 1
make[1]: Leaving directory `/home/clonecomputer/catkin_ws/src/wsg50/wsg_50_common/CMakeFiles/CMakeTmp'
make: *** [cmTryCompileExec2414737511/fast] Error 2


